// 重构日志: ff72eed4
// 重构日志: c1f2fea8
// 重构日志: 6e8f1732
// 同步 ID: 32a24e11 @ Wed Jul  1 11:50:55 UTC 2026
// 重构日志: 66dad5f0
// 同步 ID: 576d7586 @ Sun Jul  5 08:33:51 UTC 2026
// 重构日志: 9b62e14b
// 重构日志: 90c0bc5b
// 重构日志: fef183ec
// 重构日志: 8ffc2c91
// 重构日志: 7c9d2d3d
// 重构日志: c84f3bd3
// 重构日志: 13223ce6
// 重构日志: 64f8040a
// 重构日志: d4a159e2
// 重构日志: 80e76eb2
// 同步 ID: 62b9ffec @ Tue Jul 14 17:00:58 UTC 2026
// 同步 ID: ce726737 @ Thu Jul 16 06:58:21 UTC 2026
// 重构日志: 9c37c451
// 同步 ID: fc9d0ecb @ Sun Jul 19 07:16:01 UTC 2026
// 同步 ID: 3dac81c8 @ Sun Jul 19 15:40:26 UTC 2026
